This is pdfTeX, Version 3.14159265-2.6-1.40.19 (MiKTeX 2.9.6930) (preloaded format=pdflatex 2019.4.25)  1 MAY 2019 18:52
entering extended mode
**"//stuhome/HomeDrive2$/1401562/GitHub/Honours-Project-Dissertation/Main Docum
ent/Dissertation.tex"

("//stuhome/HomeDrive2$/1401562/GitHub/Honours-Project-Dissertation/Main Docume
nt/Dissertation.tex"
LaTeX2e <2018-12-01>

("\\StuHome\HomeDrive2$\1401562\Desktop\MikTeX Portable\texmfs\install\tex/late
x/base\article.cls"
Document Class: article 2018/09/03 v1.4i Standard LaTeX document class

("\\StuHome\HomeDrive2$\1401562\Desktop\MikTeX Portable\texmfs\install\tex/late
x/base\size10.clo"
File: size10.clo 2018/09/03 v1.4i Standard LaTeX file (size option)
)
\c@part=\count80
\c@section=\count81
\c@subsection=\count82
\c@subsubsection=\count83
\c@paragraph=\count84
\c@subparagraph=\count85
\c@figure=\count86
\c@table=\count87
\abovecaptionskip=\skip41
\belowcaptionskip=\skip42
\bibindent=\dimen102
)
("\\StuHome\HomeDrive2$\1401562\Desktop\MikTeX Portable\texmfs\install\tex/late
x/setspace\setspace.sty"
Package: setspace 2011/12/19 v6.7a set line spacing
)
("\\StuHome\HomeDrive2$\1401562\Desktop\MikTeX Portable\texmfs\install\tex/late
x/amsmath\amsmath.sty"
Package: amsmath 2018/12/01 v2.17b AMS math features
\@mathmargin=\skip43

For additional information on amsmath, use the `?' option.

("\\StuHome\HomeDrive2$\1401562\Desktop\MikTeX Portable\texmfs\install\tex/late
x/amsmath\amstext.sty"
Package: amstext 2000/06/29 v2.01 AMS text

("\\StuHome\HomeDrive2$\1401562\Desktop\MikTeX Portable\texmfs\install\tex/late
x/amsmath\amsgen.sty"
File: amsgen.sty 1999/11/30 v2.0 generic functions
\@emptytoks=\toks14
\ex@=\dimen103
))
("\\StuHome\HomeDrive2$\1401562\Desktop\MikTeX Portable\texmfs\install\tex/late
x/amsmath\amsbsy.sty"
Package: amsbsy 1999/11/29 v1.2d Bold Symbols
\pmbraise@=\dimen104
)
("\\StuHome\HomeDrive2$\1401562\Desktop\MikTeX Portable\texmfs\install\tex/late
x/amsmath\amsopn.sty"
Package: amsopn 2016/03/08 v2.02 operator names
)
\inf@bad=\count88
LaTeX Info: Redefining \frac on input line 223.
\uproot@=\count89
\leftroot@=\count90
LaTeX Info: Redefining \overline on input line 385.
\classnum@=\count91
\DOTSCASE@=\count92
LaTeX Info: Redefining \ldots on input line 482.
LaTeX Info: Redefining \dots on input line 485.
LaTeX Info: Redefining \cdots on input line 606.
\Mathstrutbox@=\box27
\strutbox@=\box28
\big@size=\dimen105
LaTeX Font Info:    Redeclaring font encoding OML on input line 729.
LaTeX Font Info:    Redeclaring font encoding OMS on input line 730.
\macc@depth=\count93
\c@MaxMatrixCols=\count94
\dotsspace@=\muskip10
\c@parentequation=\count95
\dspbrk@lvl=\count96
\tag@help=\toks15
\row@=\count97
\column@=\count98
\maxfields@=\count99
\andhelp@=\toks16
\eqnshift@=\dimen106
\alignsep@=\dimen107
\tagshift@=\dimen108
\tagwidth@=\dimen109
\totwidth@=\dimen110
\lineht@=\dimen111
\@envbody=\toks17
\multlinegap=\skip44
\multlinetaggap=\skip45
\mathdisplay@stack=\toks18
LaTeX Info: Redefining \[ on input line 2844.
LaTeX Info: Redefining \] on input line 2845.
)
("\\StuHome\HomeDrive2$\1401562\Desktop\MikTeX Portable\texmfs\install\tex/late
x/graphics\graphicx.sty"
Package: graphicx 2017/06/01 v1.1a Enhanced LaTeX Graphics (DPC,SPQR)

("\\StuHome\HomeDrive2$\1401562\Desktop\MikTeX Portable\texmfs\install\tex/late
x/graphics\keyval.sty"
Package: keyval 2014/10/28 v1.15 key=value parser (DPC)
\KV@toks@=\toks19
)
("\\StuHome\HomeDrive2$\1401562\Desktop\MikTeX Portable\texmfs\install\tex/late
x/graphics\graphics.sty"
Package: graphics 2017/06/25 v1.2c Standard LaTeX Graphics (DPC,SPQR)

("\\StuHome\HomeDrive2$\1401562\Desktop\MikTeX Portable\texmfs\install\tex/late
x/graphics\trig.sty"
Package: trig 2016/01/03 v1.10 sin cos tan (DPC)
)
("\\StuHome\HomeDrive2$\1401562\Desktop\MikTeX Portable\texmfs\install\tex/late
x/graphics-cfg\graphics.cfg"
File: graphics.cfg 2016/06/04 v1.11 sample graphics configuration
)
Package graphics Info: Driver file: pdftex.def on input line 99.

("\\StuHome\HomeDrive2$\1401562\Desktop\MikTeX Portable\texmfs\install\tex/late
x/graphics-def\pdftex.def"
File: pdftex.def 2018/01/08 v1.0l Graphics/color driver for pdftex
))
\Gin@req@height=\dimen112
\Gin@req@width=\dimen113
)
("\\StuHome\HomeDrive2$\1401562\Desktop\MikTeX Portable\texmfs\install\tex/late
x/appendix\appendix.sty"
Package: appendix 2009/09/02 v1.2b extra appendix facilities
\c@@pps=\count100
\c@@ppsavesec=\count101
\c@@ppsaveapp=\count102
)
("\\StuHome\HomeDrive2$\1401562\Desktop\MikTeX Portable\texmfs\install\tex/late
x/float\float.sty"
Package: float 2001/11/08 v1.3d Float enhancements (AL)
\c@float@type=\count103
\float@exts=\toks20
\float@box=\box29
\@float@everytoks=\toks21
\@floatcapt=\box30
)
("\\StuHome\HomeDrive2$\1401562\Desktop\MikTeX Portable\texmfs\install\tex/late
x/natbib\natbib.sty"
Package: natbib 2010/09/13 8.31b (PWD, AO)
\bibhang=\skip46
\bibsep=\skip47
LaTeX Info: Redefining \cite on input line 694.
\c@NAT@ctr=\count104
)
("//stuhome/HomeDrive2$/1401562/GitHub/Honours-Project-Dissertation/Main Docume
nt\Dissertation.aux")
\openout1 = `Dissertation.aux'.

LaTeX Font Info:    Checking defaults for OML/cmm/m/it on input line 22.
LaTeX Font Info:    ... okay on input line 22.
LaTeX Font Info:    Checking defaults for T1/cmr/m/n on input line 22.
LaTeX Font Info:    ... okay on input line 22.
LaTeX Font Info:    Checking defaults for OT1/cmr/m/n on input line 22.
LaTeX Font Info:    ... okay on input line 22.
LaTeX Font Info:    Checking defaults for OMS/cmsy/m/n on input line 22.
LaTeX Font Info:    ... okay on input line 22.
LaTeX Font Info:    Checking defaults for OMX/cmex/m/n on input line 22.
LaTeX Font Info:    ... okay on input line 22.
LaTeX Font Info:    Checking defaults for U/cmr/m/n on input line 22.
LaTeX Font Info:    ... okay on input line 22.

("\\StuHome\HomeDrive2$\1401562\Desktop\MikTeX Portable\texmfs\install\tex/cont
ext/base/mkii\supp-pdf.mkii"
[Loading MPS to PDF converter (version 2006.09.02).]
\scratchcounter=\count105
\scratchdimen=\dimen114
\scratchbox=\box31
\nofMPsegments=\count106
\nofMParguments=\count107
\everyMPshowfont=\toks22
\MPscratchCnt=\count108
\MPscratchDim=\dimen115
\MPnumerator=\count109
\makeMPintoPDFobject=\count110
\everyMPtoPDFconversion=\toks23
)
("\\StuHome\HomeDrive2$\1401562\Desktop\MikTeX Portable\texmfs\install\tex/late
x/oberdiek\epstopdf-base.sty"
Package: epstopdf-base 2016/05/15 v2.6 Base part for package epstopdf

("\\StuHome\HomeDrive2$\1401562\Desktop\MikTeX Portable\texmfs\install\tex/gene
ric/oberdiek\infwarerr.sty"
Package: infwarerr 2016/05/16 v1.4 Providing info/warning/error messages (HO)
)
("\\StuHome\HomeDrive2$\1401562\Desktop\MikTeX Portable\texmfs\install\tex/late
x/oberdiek\grfext.sty"
Package: grfext 2016/05/16 v1.2 Manage graphics extensions (HO)

("\\StuHome\HomeDrive2$\1401562\Desktop\MikTeX Portable\texmfs\install\tex/gene
ric/oberdiek\kvdefinekeys.sty"
Package: kvdefinekeys 2016/05/16 v1.4 Define keys (HO)

("\\StuHome\HomeDrive2$\1401562\Desktop\MikTeX Portable\texmfs\install\tex/gene
ric/oberdiek\ltxcmds.sty"
Package: ltxcmds 2016/05/16 v1.23 LaTeX kernel commands for general use (HO)
)))
("\\StuHome\HomeDrive2$\1401562\Desktop\MikTeX Portable\texmfs\install\tex/late
x/oberdiek\kvoptions.sty"
Package: kvoptions 2016/05/16 v3.12 Key value format for package options (HO)

("\\StuHome\HomeDrive2$\1401562\Desktop\MikTeX Portable\texmfs\install\tex/gene
ric/oberdiek\kvsetkeys.sty"
Package: kvsetkeys 2016/05/16 v1.17 Key value parser (HO)

("\\StuHome\HomeDrive2$\1401562\Desktop\MikTeX Portable\texmfs\install\tex/gene
ric/oberdiek\etexcmds.sty"
Package: etexcmds 2016/05/16 v1.6 Avoid name clashes with e-TeX commands (HO)

("\\StuHome\HomeDrive2$\1401562\Desktop\MikTeX Portable\texmfs\install\tex/gene
ric/oberdiek\ifluatex.sty"
Package: ifluatex 2016/05/16 v1.4 Provides the ifluatex switch (HO)
Package ifluatex Info: LuaTeX not detected.
))))
("\\StuHome\HomeDrive2$\1401562\Desktop\MikTeX Portable\texmfs\install\tex/gene
ric/oberdiek\pdftexcmds.sty"
Package: pdftexcmds 2018/09/10 v0.29 Utility functions of pdfTeX for LuaTeX (HO
)

("\\StuHome\HomeDrive2$\1401562\Desktop\MikTeX Portable\texmfs\install\tex/gene
ric/oberdiek\ifpdf.sty"
Package: ifpdf 2018/09/07 v3.3 Provides the ifpdf switch
)
Package pdftexcmds Info: LuaTeX not detected.
Package pdftexcmds Info: \pdf@primitive is available.
Package pdftexcmds Info: \pdf@ifprimitive is available.
Package pdftexcmds Info: \pdfdraftmode found.
)
Package epstopdf-base Info: Redefining graphics rule for `.eps' on input line 4
38.
Package grfext Info: Graphics extension search list:
(grfext)             [.pdf,.png,.jpg,.mps,.jpeg,.jbig2,.jb2,.PDF,.PNG,.JPG,.JPE
G,.JBIG2,.JB2,.eps]
(grfext)             \AppendGraphicsExtensions on input line 456.
)
<../Images/Abertay_Coat_Of_Arms.png, id=1, 200.75pt x 232.87pt>
File: ../Images/Abertay_Coat_Of_Arms.png Graphic file (type png)
<use ../Images/Abertay_Coat_Of_Arms.png>
Package pdftex.def Info: ../Images/Abertay_Coat_Of_Arms.png  used on input line
 43.
(pdftex.def)             Requested size: 137.9979pt x 160.08705pt.
 [1

{//StuHome/HomeDrive2$/1401562/Desktop/MikTeX Portable/texmfs/data/pdftex/confi
g/pdftex.map} <//stuhome/HomeDrive2$/1401562/GitHub/Honours-Project-Dissertatio
n/Images/Abertay_Coat_Of_Arms.png>]
("//stuhome/HomeDrive2$/1401562/GitHub/Honours-Project-Dissertation/Main Docume
nt\Dissertation.toc")
\tf@toc=\write3
\openout3 = `Dissertation.toc'.


("//stuhome/HomeDrive2$/1401562/GitHub/Honours-Project-Dissertation/Main Docume
nt\Dissertation.lof")
\tf@lof=\write4
\openout4 = `Dissertation.lof'.

 [1]
(//stuhome/HomeDrive2$\1401562\GitHub\Honours-Project-Dissertation\Acknowledgem
ents.tex) [2]
(//stuhome/HomeDrive2$\1401562\GitHub\Honours-Project-Dissertation\Abstract.tex
) [3]
(//stuhome/HomeDrive2$\1401562\GitHub\Honours-Project-Dissertation\Introduction
.tex
LaTeX Font Info:    Try loading font information for OMS+cmr on input line 25.

("\\StuHome\HomeDrive2$\1401562\Desktop\MikTeX Portable\texmfs\install\tex/late
x/base\omscmr.fd"
File: omscmr.fd 2014/09/29 v2.5h Standard LaTeX font definitions
)
LaTeX Font Info:    Font shape `OMS/cmr/m/n' in size <10> not available
(Font)              Font shape `OMS/cmsy/m/n' tried instead on input line 25.
 [1]) [2]
(//stuhome/HomeDrive2$\1401562\GitHub\Honours-Project-Dissertation\Literature_R
eview.tex [3] [4]) [5]
(//stuhome/HomeDrive2$\1401562\GitHub\Honours-Project-Dissertation\Methodology.
tex

LaTeX Warning: Reference `fig:EnvScrnshot' on page 6 undefined on input line 13
.

<../Images/EnvironmentScreenshot.png, id=40, 718.93594pt x 428.35031pt>
File: ../Images/EnvironmentScreenshot.png Graphic file (type png)
<use ../Images/EnvironmentScreenshot.png>
Package pdftex.def Info: ../Images/EnvironmentScreenshot.png  used on input lin
e 15.
(pdftex.def)             Requested size: 345.0pt x 205.56006pt.
[6]

Package natbib Warning: Citation `flockingprocessingorg' on page 7 undefined on
 input line 24.


LaTeX Warning: Reference `forcevector_equation' on page 7 undefined on input li
ne 30.

[7 <//stuhome/HomeDrive2$/1401562/GitHub/Honours-Project-Dissertation/Images/En
vironmentScreenshot.png>]

LaTeX Warning: Reference `cohesion_equation' on page 8 undefined on input line 
44.


LaTeX Warning: Reference `fig:cohesion' on page 8 undefined on input line 54.

<../Images/cohesion.png, id=48, 502.5174pt x 405.6756pt>
File: ../Images/cohesion.png Graphic file (type png)
<use ../Images/cohesion.png>
Package pdftex.def Info: ../Images/cohesion.png  used on input line 56.
(pdftex.def)             Requested size: 345.0pt x 278.5175pt.
[8]

LaTeX Warning: Reference `alignment_equation' on page 9 undefined on input line
 63.


LaTeX Warning: Reference `cohesion_equation' on page 9 undefined on input line 
71.


LaTeX Warning: Reference `fig:alignment' on page 9 undefined on input line 73.

<../Images/alignment.png, id=56, 499.6266pt x 405.6756pt>
File: ../Images/alignment.png Graphic file (type png)
<use ../Images/alignment.png>
Package pdftex.def Info: ../Images/alignment.png  used on input line 75.
(pdftex.def)             Requested size: 345.0pt x 280.12073pt.
[9 <//stuhome/HomeDrive2$/1401562/GitHub/Honours-Project-Dissertation/Images/co
hesion.png (PNG copy)>]

LaTeX Warning: Reference `separation_equation' on page 10 undefined on input li
ne 81.


LaTeX Warning: Reference `fig:separation' on page 10 undefined on input line 91
.

<../Images/separation.png, id=61, 502.5174pt x 405.6756pt>
File: ../Images/separation.png Graphic file (type png)
<use ../Images/separation.png>
Package pdftex.def Info: ../Images/separation.png  used on input line 93.
(pdftex.def)             Requested size: 345.0pt x 278.5175pt.
[10 <//stuhome/HomeDrive2$/1401562/GitHub/Honours-Project-Dissertation/Images/a
lignment.png (PNG copy)>]

LaTeX Warning: Reference `foodattraction_equation' on page 11 undefined on inpu
t line 99.


LaTeX Warning: Reference `fig:foodattraction' on page 11 undefined on input lin
e 109.

<../Images/foodattraction.png, id=66, 502.5174pt x 405.6756pt>
File: ../Images/foodattraction.png Graphic file (type png)
<use ../Images/foodattraction.png>
Package pdftex.def Info: ../Images/foodattraction.png  used on input line 111.
(pdftex.def)             Requested size: 345.0pt x 278.5175pt.
[11 <//stuhome/HomeDrive2$/1401562/GitHub/Honours-Project-Dissertation/Images/s
eparation.png (PNG copy)>]

LaTeX Warning: Reference `flockavoidance_equation' on page 12 undefined on inpu
t line 117.


LaTeX Warning: Reference `fig:flockavoidance' on page 12 undefined on input lin
e 127.

<../Images/flockavoidance.png, id=70, 500.1084pt x 405.6756pt>
File: ../Images/flockavoidance.png Graphic file (type png)
<use ../Images/flockavoidance.png>
Package pdftex.def Info: ../Images/flockavoidance.png  used on input line 129.
(pdftex.def)             Requested size: 345.0pt x 279.86075pt.
[12 <//stuhome/HomeDrive2$/1401562/GitHub/Honours-Project-Dissertation/Images/f
oodattraction.png (PNG copy)>]

LaTeX Warning: Reference `fig:geneticflow' on page 13 undefined on input line 1
38.

<../Images/GAAlgorithm.png, id=74, 492.84125pt x 392.46625pt>
File: ../Images/GAAlgorithm.png Graphic file (type png)
<use ../Images/GAAlgorithm.png>
Package pdftex.def Info: ../Images/GAAlgorithm.png  used on input line 140.
(pdftex.def)             Requested size: 345.0pt x 274.74844pt.
[13 <//stuhome/HomeDrive2$/1401562/GitHub/Honours-Project-Dissertation/Images/f
lockavoidance.png (PNG copy)>]

LaTeX Warning: Reference `gaweights' on page 14 undefined on input line 147.

[14 <//stuhome/HomeDrive2$/1401562/GitHub/Honours-Project-Dissertation/Images/G
AAlgorithm.png>]

LaTeX Warning: Reference `fitfunc' on page 15 undefined on input line 163.


LaTeX Warning: Reference `fitfunc' on page 15 undefined on input line 170.

[15]

LaTeX Warning: Reference `speduptime' on page 16 undefined on input line 184.

[16]) [17]
(//stuhome/HomeDrive2$\1401562\GitHub\Honours-Project-Dissertation\Results.tex

LaTeX Warning: File `../Images/0.5Mutation.png' not found on input line 32.


! LaTeX Error: Unknown graphics extension: .5Mutation.png.

See the LaTeX manual or LaTeX Companion for explanation.
Type  H <return>  for immediate help.
 ...                                              
                                                  
l.32 ...dth=\linewidth]{../Images/0.5Mutation.png}
                                                  
? 

LaTeX Warning: File `../Images/1Mutation.png' not found on input line 38.


! Package pdftex.def Error: File `../Images/1Mutation.png' not found: using dra
ft setting.

See the pdftex.def package documentation for explanation.
Type  H <return>  for immediate help.
 ...                                              
                                                  
l.38 ...width=\linewidth]{../Images/1Mutation.png}
                                                  
? 
[18]

LaTeX Warning: File `../Images/2Mutation.png' not found on input line 44.


! Package pdftex.def Error: File `../Images/2Mutation.png' not found: using dra
ft setting.

See the pdftex.def package documentation for explanation.
Type  H <return>  for immediate help.
 ...                                              
                                                  
l.44 ...width=\linewidth]{../Images/2Mutation.png}
                                                  
? 
[19]

LaTeX Warning: File `../Images/3Mutation.png' not found on input line 50.


! Package pdftex.def Error: File `../Images/3Mutation.png' not found: using dra
ft setting.

See the pdftex.def package documentation for explanation.
Type  H <return>  for immediate help.
 ...                                              
                                                  
l.50 ...width=\linewidth]{../Images/3Mutation.png}
                                                  
? 
[20]

LaTeX Warning: File `../Images/4Mutation.png' not found on input line 56.


! Package pdftex.def Error: File `../Images/4Mutation.png' not found: using dra
ft setting.

See the pdftex.def package documentation for explanation.
Type  H <return>  for immediate help.
 ...                                              
                                                  
l.56 ...width=\linewidth]{../Images/4Mutation.png}
                                                  
? 
[21]
<../Images/5Mutation.png, id=108, 859.71187pt x 540.51938pt>
File: ../Images/5Mutation.png Graphic file (type png)
<use ../Images/5Mutation.png>
Package pdftex.def Info: ../Images/5Mutation.png  used on input line 62.
(pdftex.def)             Requested size: 345.0pt x 216.91321pt.
 [22]
<../Images/10Mutation.png, id=112, 893.58844pt x 545.78906pt>
File: ../Images/10Mutation.png Graphic file (type png)
<use ../Images/10Mutation.png>
Package pdftex.def Info: ../Images/10Mutation.png  used on input line 68.
(pdftex.def)             Requested size: 345.0pt x 210.72488pt.
<../Images/15Mutation.png, id=113, 1016.29688pt x 551.81157pt>
File: ../Images/15Mutation.png Graphic file (type png)
<use ../Images/15Mutation.png>
Package pdftex.def Info: ../Images/15Mutation.png  used on input line 74.
(pdftex.def)             Requested size: 345.0pt x 187.31876pt.
 [23 <//stuhome/HomeDrive2$/1401562/GitHub/Honours-Project-Dissertation/Images/
5Mutation.png> <//stuhome/HomeDrive2$/1401562/GitHub/Honours-Project-Dissertati
on/Images/10Mutation.png>]
<../Images/20Mutation.png, id=119, 825.83531pt x 461.47406pt>
File: ../Images/20Mutation.png Graphic file (type png)
<use ../Images/20Mutation.png>
Package pdftex.def Info: ../Images/20Mutation.png  used on input line 80.
(pdftex.def)             Requested size: 345.0pt x 192.78267pt.
<../Images/25Mutation.png, id=120, 822.82407pt x 432.11438pt>
File: ../Images/25Mutation.png Graphic file (type png)
<use ../Images/25Mutation.png>
Package pdftex.def Info: ../Images/25Mutation.png  used on input line 86.
(pdftex.def)             Requested size: 345.0pt x 181.1769pt.
 [24 <//stuhome/HomeDrive2$/1401562/GitHub/Honours-Project-Dissertation/Images/
15Mutation.png> <//stuhome/HomeDrive2$/1401562/GitHub/Honours-Project-Dissertat
ion/Images/20Mutation.png>]) [25 <//stuhome/HomeDrive2$/1401562/GitHub/Honours-
Project-Dissertation/Images/25Mutation.png>]
(//stuhome/HomeDrive2$\1401562\GitHub\Honours-Project-Dissertation\Discussion.t
ex) [26]
(//stuhome/HomeDrive2$\1401562\GitHub\Honours-Project-Dissertation\Conclusion.t
ex)
(//stuhome/HomeDrive2$\1401562\GitHub\Honours-Project-Dissertation\Appendices.t
ex)
("//stuhome/HomeDrive2$/1401562/GitHub/Honours-Project-Dissertation/Main Docume
nt\Dissertation.bbl"
Overfull \hbox (1.03674pt too wide) in paragraph at lines 18--22
\OT1/cmr/bx/n/10 URL: \OT1/cmr/m/it/10 http://www.sciencedirect.com/science/art
icle/pii/S0303264797017085 
 []

)

Package natbib Warning: There were undefined citations.

[27] (Dissertation.aux)

LaTeX Warning: There were undefined references.


LaTeX Warning: Label(s) may have changed. Rerun to get cross-references right.

 ) 
Here is how much of TeX's memory you used:
 2760 strings out of 494846
 43089 string characters out of 3175728
 101976 words of memory out of 3000000
 6326 multiletter control sequences out of 15000+200000
 9181 words of font info for 33 fonts, out of 3000000 for 9000
 14 hyphenation exceptions out of 8191
 41i,20n,25p,1289b,224s stack positions out of 5000i,500n,10000p,200000b,50000s
<//StuHome/HomeDrive2$/1401562/Desktop/MikTeX Portable/texmfs/install/fonts/t
ype1/public/amsfonts/cm/cmbx10.pfb><//StuHome/HomeDrive2$/1401562/Desktop/MikTe
X Portable/texmfs/install/fonts/type1/public/amsfonts/cm/cmbx12.pfb><//StuHome/
HomeDrive2$/1401562/Desktop/MikTeX Portable/texmfs/install/fonts/type1/public/a
msfonts/cm/cmbx7.pfb><//StuHome/HomeDrive2$/1401562/Desktop/MikTeX Portable/tex
mfs/install/fonts/type1/public/amsfonts/cm/cmex10.pfb><//StuHome/HomeDrive2$/14
01562/Desktop/MikTeX Portable/texmfs/install/fonts/type1/public/amsfonts/cm/cmm
i10.pfb><//StuHome/HomeDrive2$/1401562/Desktop/MikTeX Portable/texmfs/install/f
onts/type1/public/amsfonts/cm/cmmib10.pfb><//StuHome/HomeDrive2$/1401562/Deskto
p/MikTeX Portable/texmfs/install/fonts/type1/public/amsfonts/cmextra/cmmib7.pfb
><//StuHome/HomeDrive2$/1401562/Desktop/MikTeX Portable/texmfs/install/fonts/ty
pe1/public/amsfonts/cm/cmr10.pfb><//StuHome/HomeDrive2$/1401562/Desktop/MikTeX 
Portable/texmfs/install/fonts/type1/public/amsfonts/cm/cmr12.pfb><//StuHome/Hom
eDrive2$/1401562/Desktop/MikTeX Portable/texmfs/install/fonts/type1/public/amsf
onts/cm/cmr17.pfb><//StuHome/HomeDrive2$/1401562/Desktop/MikTeX Portable/texmfs
/install/fonts/type1/public/amsfonts/cm/cmr7.pfb><//StuHome/HomeDrive2$/1401562
/Desktop/MikTeX Portable/texmfs/install/fonts/type1/public/amsfonts/cm/cmsy10.p
fb><//StuHome/HomeDrive2$/1401562/Desktop/MikTeX Portable/texmfs/install/fonts/
type1/public/amsfonts/cm/cmsy7.pfb><//StuHome/HomeDrive2$/1401562/Desktop/MikTe
X Portable/texmfs/install/fonts/type1/public/amsfonts/cm/cmti10.pfb><//StuHome/
HomeDrive2$/1401562/Desktop/MikTeX Portable/texmfs/install/fonts/type1/public/a
msfonts/cm/cmtt10.pfb>
Output written on Dissertation.pdf (31 pages, 792344 bytes).
PDF statistics:
 184 PDF objects out of 1000 (max. 8388607)
 0 named destinations out of 1000 (max. 500000)
 66 words of extra memory for PDF output out of 10000 (max. 10000000)

